0 info it worked if it ends with ok
1 verbose cli [ '/usr/local/bin/node',
1 verbose cli   '/usr/local/bin/npm',
1 verbose cli   'install',
1 verbose cli   'jquery.js',
1 verbose cli   '--save' ]
2 info using npm@2.14.7
3 info using node@v4.2.2
4 verbose install initial load of /Users/charlotte/Desktop/Project/bitblot/package.json
5 verbose installManyTop reading scoped package data from /Users/charlotte/Desktop/Project/bitblot/node_modules/angular/package.json
6 verbose installManyTop reading scoped package data from /Users/charlotte/Desktop/Project/bitblot/node_modules/body-parser/package.json
7 verbose installManyTop reading scoped package data from /Users/charlotte/Desktop/Project/bitblot/node_modules/bootstrap/package.json
8 verbose installManyTop reading scoped package data from /Users/charlotte/Desktop/Project/bitblot/node_modules/express/package.json
9 verbose installManyTop reading scoped package data from /Users/charlotte/Desktop/Project/bitblot/node_modules/grunt/package.json
10 verbose installManyTop reading scoped package data from /Users/charlotte/Desktop/Project/bitblot/node_modules/grunt-contrib-copy/package.json
11 verbose installManyTop reading scoped package data from /Users/charlotte/Desktop/Project/bitblot/node_modules/grunt-contrib-uglify/package.json
12 verbose installManyTop reading scoped package data from /Users/charlotte/Desktop/Project/bitblot/node_modules/jquery/package.json
13 verbose installManyTop reading scoped package data from /Users/charlotte/Desktop/Project/bitblot/node_modules/mongoose/package.json
14 verbose installManyTop reading scoped package data from /Users/charlotte/Desktop/Project/bitblot/node_modules/path/package.json
15 info package.json grunt@0.4.5 No license field.
16 info package.json path@0.12.7 path is also the name of a node core module.
17 verbose readDependencies loading dependencies from /Users/charlotte/Desktop/Project/bitblot/package.json
18 silly cache add args [ 'jquery.js', null ]
19 verbose cache add spec jquery.js
20 silly cache add parsed spec Result {
20 silly cache add   raw: 'jquery.js',
20 silly cache add   scope: null,
20 silly cache add   name: 'jquery.js',
20 silly cache add   rawSpec: '',
20 silly cache add   spec: '*',
20 silly cache add   type: 'range' }
21 silly addNamed jquery.js@*
22 verbose addNamed "*" is a valid semver range for jquery.js
23 silly addNameRange { name: 'jquery.js', range: '*', hasData: false }
24 silly mapToRegistry name jquery.js
25 silly mapToRegistry using default registry
26 silly mapToRegistry registry https://registry.npmjs.org/
27 silly mapToRegistry uri https://registry.npmjs.org/jquery.js
28 verbose addNameRange registry:https://registry.npmjs.org/jquery.js not in flight; fetching
29 verbose request uri https://registry.npmjs.org/jquery.js
30 verbose request no auth needed
31 info attempt registry request try #1 at 12:18:05 AM
32 verbose request id 749c3fd1db39e954
33 http request GET https://registry.npmjs.org/jquery.js
34 http 404 https://registry.npmjs.org/jquery.js
35 verbose headers { 'content-type': 'application/json',
35 verbose headers   'cache-control': 'max-age=0',
35 verbose headers   'content-length': '2',
35 verbose headers   'accept-ranges': 'bytes',
35 verbose headers   date: 'Mon, 18 Jan 2016 06:18:06 GMT',
35 verbose headers   via: '1.1 varnish',
35 verbose headers   age: '0',
35 verbose headers   connection: 'keep-alive',
35 verbose headers   'x-served-by': 'cache-ord1724-ORD',
35 verbose headers   'x-cache': 'MISS',
35 verbose headers   'x-cache-hits': '0',
35 verbose headers   'x-timer': 'S1453097886.200745,VS0,VE254' }
36 silly get cb [ 404,
36 silly get   { 'content-type': 'application/json',
36 silly get     'cache-control': 'max-age=0',
36 silly get     'content-length': '2',
36 silly get     'accept-ranges': 'bytes',
36 silly get     date: 'Mon, 18 Jan 2016 06:18:06 GMT',
36 silly get     via: '1.1 varnish',
36 silly get     age: '0',
36 silly get     connection: 'keep-alive',
36 silly get     'x-served-by': 'cache-ord1724-ORD',
36 silly get     'x-cache': 'MISS',
36 silly get     'x-cache-hits': '0',
36 silly get     'x-timer': 'S1453097886.200745,VS0,VE254' } ]
37 verbose stack Error: Registry returned 404 for GET on https://registry.npmjs.org/jquery.js
37 verbose stack     at makeError (/usr/local/lib/node_modules/npm/node_modules/npm-registry-client/lib/request.js:264:12)
37 verbose stack     at CachingRegistryClient.<anonymous> (/usr/local/lib/node_modules/npm/node_modules/npm-registry-client/lib/request.js:242:14)
37 verbose stack     at Request._callback (/usr/local/lib/node_modules/npm/node_modules/npm-registry-client/lib/request.js:172:14)
37 verbose stack     at Request.self.callback (/usr/local/lib/node_modules/npm/node_modules/request/request.js:198:22)
37 verbose stack     at emitTwo (events.js:87:13)
37 verbose stack     at Request.emit (events.js:172:7)
37 verbose stack     at Request.<anonymous> (/usr/local/lib/node_modules/npm/node_modules/request/request.js:1063:14)
37 verbose stack     at emitOne (events.js:82:20)
37 verbose stack     at Request.emit (events.js:169:7)
37 verbose stack     at IncomingMessage.<anonymous> (/usr/local/lib/node_modules/npm/node_modules/request/request.js:1009:12)
38 verbose statusCode 404
39 verbose pkgid jquery.js
40 verbose cwd /Users/charlotte/Desktop/Project/bitblot
41 error Darwin 14.5.0
42 error argv "/usr/local/bin/node" "/usr/local/bin/npm" "install" "jquery.js" "--save"
43 error node v4.2.2
44 error npm  v2.14.7
45 error code E404
46 error 404 Registry returned 404 for GET on https://registry.npmjs.org/jquery.js
46 error 404
46 error 404 'jquery.js' is not in the npm registry.
46 error 404 You should bug the author to publish it (or use the name yourself!)
46 error 404 It was specified as a dependency of 'bitblot'
46 error 404
46 error 404 Note that you can also install from a
46 error 404 tarball, folder, http url, or git url.
47 verbose exit [ 1, true ]
